Arguments: 
  /usr/local/bin/node /usr/local/Cellar/yarn/1.6.0/libexec/bin/yarn.js add --dev babel-jest babel-core regenerator-runtime

PATH: 
  /usr/local/bin:/usr/bin:/bin:/usr/sbin:/sbin:/usr/local/go/bin:/usr/local/share/dotnet:/Library/Frameworks/Mono.framework/Versions/Current/Commands:/Applications/Wireshark.app/Contents/MacOS:/Applications/Xamarin Workbooks.app/Contents/SharedSupport/path-bin:/usr/local/tomcat9/bin:/Users/cody/Library/Android/sdk/platform-tools:/Users/cody/Library/Android/sdk/tools:/Users/cody/Library/Android/sdk/build-tools:/Users/cody/chaincodebin/bin:/Users/cody/software/android-ndk-r16b:/Users/cody/project/flutter/bin:/usr/local/tomcat9/bin:/Users/cody/Library/Android/sdk/platform-tools:/Users/cody/Library/Android/sdk/tools:/Users/cody/Library/Android/sdk/build-tools:/Users/cody/chaincodebin/bin:/Users/cody/software/android-ndk-r16b:/Users/cody/project/flutter/bin

Yarn version: 
  1.6.0

Node version: 
  8.11.1

Platform: 
  darwin x64

Trace: 
  Error: ENOENT: no such file or directory, copyfile '/Users/cody/Library/Caches/Yarn/v1/npm-define-property-2.0.2-d459689e8d654ba77e02a817f8710d702cb16e9d/index.js' -> '/Users/cody/project/learn-plan/neo/neo-wallet-utopia/node_modules/anymatch/node_modules/define-property/index.js'

npm manifest: 
  {
    "name": "electron-starter",
    "version": "1.0.0",
    "description": "a electron starter",
    "main": "index.js",
    "scripts": {
      "start": "npm run dev",
      "start-electron": "cross-env NODE_ENV=development electron .",
      "dev": "cross-env START_HOT=1 NODE_ENV=development webpack-dev-server --config ./config/webpack.dev.js",
      "build": "cross-env NODE_ENV=production webpack --config ./config/webpack.prod.js",
      "dist": "npm run build & npm run electron-builder",
      "dist-win": "npm run build & npm run electron-builder --win -ia32",
      "dist-all": "npm run build & npm run electron-builder -mwl",
      "pack": "electron-builder --dir",
      "postinstall": "electron-builder install-app-deps",
      "clean": "rm -rf ./dist ./render/dist",
      "flow": "flow",
      "test": "jest"
    },
    "author": "Cody1988",
    "homepage": "https://github.com/Cody1988/electron-react-starter",
    "license": "Apache License 2.0",
    "devDependencies": {
      "babel-core": "^6.26.3",
      "babel-loader": "^7.1.4",
      "babel-plugin-import": "^1.7.0",
      "babel-plugin-transform-class-properties": "^6.24.1",
      "babel-plugin-transform-decorators-legacy": "^1.3.4",
      "babel-preset-flow": "^6.23.0",
      "babel-preset-react": "^6.24.1",
      "babel-preset-stage-3": "^6.24.1",
      "clean-webpack-plugin": "^0.1.19",
      "cross-env": "^5.1.4",
      "css-loader": "^0.28.11",
      "electron": "^2.0.0",
      "electron-builder": "^20.13.2",
      "electron-devtools-installer": "^2.2.4",
      "extract-text-webpack-plugin": "^4.0.0-beta.0",
      "file-loader": "^1.1.11",
      "flow-bin": "^0.71.0",
      "html-webpack-plugin": "^3.2.0",
      "jest": "^22.4.3",
      "less": "^3.0.4",
      "less-loader": "^4.1.0",
      "style-loader": "^0.21.0",
      "uglifyjs-webpack-plugin": "^1.2.5",
      "webpack": "^4.7.0",
      "webpack-cli": "^2.1.3",
      "webpack-dev-server": "^3.1.4",
      "webpack-merge": "^4.1.2"
    },
    "build": {
      "appId": "com.cody.electron.starter",
      "dmg": {},
      "win": {
        "target": "nsis"
      }
    },
    "dependencies": {
      "@cityofzion/neon-js": "^3.7.1",
      "antd": "^3.5.0",
      "dva": "^2.2.3",
      "react": "^16.3.2",
      "react-dom": "^16.3.2"
    }
  }

yarn manifest: 
  No manifest

Lockfile: 
  No lockfile
